Using pre-set license
Built from '6000.0/staging' branch; Version is '6000.0.37f1 (090b7797214c) revision 592759'; Using compiler version '193933523'; Build Type 'Release'
OS: 'Windows 11  (10.0.26120) 64bit Enterprise' Language: 'zh' Physical Memory: 16212 MB
BatchMode: 1, IsHumanControllingUs: 0, StartBugReporterOnCrash: 0, Is64bit: 1, IsPro: 1

COMMAND LINE ARGUMENTS:
D:\Unity\6000.0.37f1\Editor\Unity.exe
-adb2
-batchMode
-noUpm
-name
AssetImportWorker1
-projectPath
C:/Users/Hubert/Downloads/pucrs-unity3d-pool-master
-logFile
Logs/AssetImportWorker1.log
-srvPort
57491
-job-worker-count
3
-background-job-worker-count
8
-gc-helper-count
1
Successfully changed project path to: C:/Users/Hubert/Downloads/pucrs-unity3d-pool-master
C:/Users/Hubert/Downloads/pucrs-unity3d-pool-master
[UnityMemory] Configuration Parameters - Can be set up in boot.config
    "memorysetup-bucket-allocator-granularity=16"
    "memorysetup-bucket-allocator-bucket-count=8"
    "memorysetup-bucket-allocator-block-size=33554432"
    "memorysetup-bucket-allocator-block-count=8"
    "memorysetup-main-allocator-block-size=16777216"
    "memorysetup-thread-allocator-block-size=16777216"
    "memorysetup-gfx-main-allocator-block-size=16777216"
    "memorysetup-gfx-thread-allocator-block-size=16777216"
    "memorysetup-cache-allocator-block-size=4194304"
    "memorysetup-typetree-allocator-block-size=2097152"
    "memorysetup-profiler-bucket-allocator-granularity=16"
    "memorysetup-profiler-bucket-allocator-bucket-count=8"
    "memorysetup-profiler-bucket-allocator-block-size=33554432"
    "memorysetup-profiler-bucket-allocator-block-count=8"
    "memorysetup-profiler-allocator-block-size=16777216"
    "memorysetup-profiler-editor-allocator-block-size=1048576"
    "memorysetup-temp-allocator-size-main=16777216"
    "memorysetup-job-temp-allocator-block-size=2097152"
    "memorysetup-job-temp-allocator-block-size-background=1048576"
    "memorysetup-job-temp-allocator-reduction-small-platforms=262144"
    "memorysetup-allocator-temp-initial-block-size-main=262144"
    "memorysetup-allocator-temp-initial-block-size-worker=262144"
    "memorysetup-temp-allocator-size-background-worker=32768"
    "memorysetup-temp-allocator-size-job-worker=262144"
    "memorysetup-temp-allocator-size-preload-manager=33554432"
    "memorysetup-temp-allocator-size-nav-mesh-worker=65536"
    "memorysetup-temp-allocator-size-audio-worker=65536"
    "memorysetup-temp-allocator-size-cloud-worker=32768"
    "memorysetup-temp-allocator-size-gi-baking-worker=262144"
    "memorysetup-temp-allocator-size-gi-baking-worker=262144"
    "memorysetup-temp-allocator-size-gi-baking-worker=262144"
    "memorysetup-temp-allocator-size-gi-baking-worker=262144"
    "memorysetup-temp-allocator-size-gi-baking-worker=262144"
    "memorysetup-temp-allocator-size-gfx=262144"
Player connection [1916]  Target information:

Player connection [1916]  * "[IP] 100.89.68.103 [Port] 0 [Flags] 2 [Guid] 3233911995 [EditorId] 3233911995 [Version] 1048832 [Id] WindowsEditor(7,LAPTOP-2MHDOUN6) [Debug] 1 [PackageName] WindowsEditor [ProjectName] Editor" 

Player connection [1916] Host joined multi-casting on [225.0.0.222:54997]...
Player connection [1916] Host joined alternative multi-casting on [225.0.0.222:34997]...
JobSystem: Creating JobQueue using job-worker-count value 3
Input System module state changed to: Initialized.
[Physics::Module] Initialized fallback backend.
[Physics::Module] Id: 0xdecafbad
Library Redirect Path: Library/
[Physics::Module] Selected backend.
[Physics::Module] Name: PhysX
[Physics::Module] Id: 0xf2b8ea05
[Physics::Module] SDK Version: 4.1.2
[Physics::Module] Integration Version: 1.0.0
[Physics::Module] Threading Mode: Multi-Threaded
Refreshing native plugins compatible for Editor in 0.00 ms, found 0 plugins.
Preloading 0 native plugins for Editor in 0.00 ms.
Initialize engine version: 6000.0.37f1 (090b7797214c)
[Subsystems] Discovering subsystems at path D:/Unity/6000.0.37f1/Editor/Data/Resources/UnitySubsystems
[Subsystems] Discovering subsystems at path C:/Users/Hubert/Downloads/pucrs-unity3d-pool-master/Assets
GfxDevice: creating device client; kGfxThreadingModeNonThreaded
Direct3D:
    Version:  Direct3D 11.0 [level 11.1]
    Renderer: NVIDIA GeForce MX350 (ID=0x1c94)
    Vendor:   NVIDIA
    VRAM:     1979 MB
    Driver:   30.0.14.9729
Initialize mono
Mono path[0] = 'D:/Unity/6000.0.37f1/Editor/Data/Managed'
Mono path[1] = 'D:/Unity/6000.0.37f1/Editor/Data/MonoBleedingEdge/lib/mono/unityjit-win32'
Mono config path = 'D:/Unity/6000.0.37f1/Editor/Data/MonoBleedingEdge/etc'
Using monoOptions --debugger-agent=transport=dt_socket,embedding=1,server=y,suspend=n,address=127.0.0.1:56096
Begin MonoManager ReloadAssembly
Registering precompiled unity dll's ...
Register platform support module: D:/Unity/6000.0.37f1/Editor/Data/PlaybackEngines/WebGLSupport/UnityEditor.WebGL.Extensions.dll
Register platform support module: D:/Unity/6000.0.37f1/Editor/Data/PlaybackEngines/WindowsStandaloneSupport/UnityEditor.WindowsStandalone.Extensions.dll
Register platform support module: D:/Unity/6000.0.37f1/Editor/Data/PlaybackEngines/AndroidPlayer/UnityEditor.Android.Extensions.dll
Registered in 0.007515 seconds.
- Loaded All Assemblies, in  1.047 seconds
Native extension for Android target not found
Android Extension - Scanning For ADB Devices 680 ms
Native extension for WindowsStandalone target not found
Native extension for WebGL target not found
Mono: successfully reloaded assembly
- Finished resetting the current domain, in  1.682 seconds
Domain Reload Profiling: 2728ms
	BeginReloadAssembly (331ms)
		ExecutionOrderSort (0ms)
		DisableScriptedObjects (0ms)
		BackupInstance (0ms)
		ReleaseScriptingObjects (0ms)
		CreateAndSetChildDomain (1ms)
	RebuildCommonClasses (118ms)
	RebuildNativeTypeToScriptingClass (35ms)
	initialDomainReloadingComplete (142ms)
	LoadAllAssembliesAndSetupDomain (419ms)
		LoadAssemblies (333ms)
		RebuildTransferFunctionScriptingTraits (0ms)
		AnalyzeDomain (410ms)
			TypeCache.Refresh (407ms)
				TypeCache.ScanAssembly (375ms)
			BuildScriptInfoCaches (0ms)
			ResolveRequiredComponents (1ms)
	FinalizeReload (1683ms)
		ReleaseScriptCaches (0ms)
		RebuildScriptCaches (0ms)
		SetupLoadedEditorAssemblies (1598ms)
			LogAssemblyErrors (0ms)
			InitializePlatformSupportModulesInManaged (936ms)
			SetLoadedEditorAssemblies (15ms)
			BeforeProcessingInitializeOnLoad (172ms)
			ProcessInitializeOnLoadAttributes (330ms)
			ProcessInitializeOnLoadMethodAttributes (145ms)
			AfterProcessingInitializeOnLoad (0ms)
			EditorAssembliesLoaded (1ms)
		ExecutionOrderSort2 (0ms)
		AwakeInstancesAfterBackupRestoration (0ms)
========================================================================
Worker process is ready to serve import requests
Import Worker Mode flag is 0x00
Begin MonoManager ReloadAssembly
- Loaded All Assemblies, in  0.587 seconds
Refreshing native plugins compatible for Editor in 0.00 ms, found 0 plugins.
Native extension for Android target not found
Native extension for WindowsStandalone target not found
Native extension for WebGL target not found
Mono: successfully reloaded assembly
- Finished resetting the current domain, in  0.935 seconds
Domain Reload Profiling: 1522ms
	BeginReloadAssembly (372ms)
		ExecutionOrderSort (0ms)
		DisableScriptedObjects (15ms)
		BackupInstance (0ms)
		ReleaseScriptingObjects (0ms)
		CreateAndSetChildDomain (72ms)
	RebuildCommonClasses (81ms)
	RebuildNativeTypeToScriptingClass (24ms)
	initialDomainReloadingComplete (38ms)
	LoadAllAssembliesAndSetupDomain (72ms)
		LoadAssemblies (227ms)
		RebuildTransferFunctionScriptingTraits (0ms)
		AnalyzeDomain (60ms)
			TypeCache.Refresh (46ms)
				TypeCache.ScanAssembly (30ms)
			BuildScriptInfoCaches (6ms)
			ResolveRequiredComponents (5ms)
	FinalizeReload (936ms)
		ReleaseScriptCaches (0ms)
		RebuildScriptCaches (0ms)
		SetupLoadedEditorAssemblies (555ms)
			LogAssemblyErrors (0ms)
			InitializePlatformSupportModulesInManaged (30ms)
			SetLoadedEditorAssemblies (8ms)
			BeforeProcessingInitializeOnLoad (164ms)
			ProcessInitializeOnLoadAttributes (287ms)
			ProcessInitializeOnLoadMethodAttributes (62ms)
			AfterProcessingInitializeOnLoad (4ms)
			EditorAssembliesLoaded (0ms)
		ExecutionOrderSort2 (0ms)
		AwakeInstancesAfterBackupRestoration (19ms)
Launched and connected shader compiler UnityShaderCompiler.exe after 0.02 seconds
Refreshing native plugins compatible for Editor in 0.00 ms, found 0 plugins.
Preloading 0 native plugins for Editor in 0.00 ms.
Unloading 7 Unused Serialized files (Serialized files now loaded: 0)
Unloading 416 unused Assets / (83.3 KB). Loaded Objects now: 917.
Memory consumption went from 56.6 MB to 56.5 MB.
Total: 9.056900 ms (FindLiveObjects: 0.140200 ms CreateObjectMapping: 0.070800 ms MarkObjects: 8.541200 ms  DeleteObjects: 0.302400 ms)

========================================================================
Received Prepare
Begin MonoManager ReloadAssembly
- Loaded All Assemblies, in  3.443 seconds
Assertion failed on expression: 'IsFileCreated(assemblyPath)'
Assertion failed on expression: 'IsFileCreated(assemblyPath)'
Assertion failed on expression: 'IsFileCreated(assemblyPath)'
Assertion failed on expression: 'IsFileCreated(assemblyPath)'
Assertion failed on expression: 'IsFileCreated(assemblyPath)'
Assertion failed on expression: 'IsFileCreated(assemblyPath)'
Compilation Pipeline: Could not read file Packages/com.unity.xr.legacyinputhelpers/Editor/TrackedPoseDriver/UnityEditor.SpatialTracking.asmdef
Fatal Error! Compilation Pipeline: Could not read file Packages/com.unity.xr.legacyinputhelpers/Editor/TrackedPoseDriver/UnityEditor.SpatialTracking.asmdef
Crash!!!
SymInit: Symbol-SearchPath: 'D:/Unity/6000.0.37f1/Editor/Data/Mono;.;C:\Users\Hubert\Downloads\pucrs-unity3d-pool-master;C:\Users\Hubert\Downloads\pucrs-unity3d-pool-master\Library\BurstCache\JIT;D:\Unity\6000.0.37f1\Editor;C:\WINDOWS;C:\WINDOWS\system32;', symOptions: 534, UserName: 'Hubert'
OS-Version: 10.0.0
D:\Unity\6000.0.37f1\Editor\Unity.exe:Unity.exe (00007FF6B42D0000), size: 299008 (result: 0), SymType: '-deferred-', PDB: '', fileVersion: 6000.0.37.2935
C:\WINDOWS\SYSTEM32\ntdll.dll:ntdll.dll (00007FFDE2080000), size: 2482176 (result: 0), SymType: '-deferred-', PDB: '', fileVersion: 10.0.26100.2415
C:\WINDOWS\System32\KERNEL32.DLL:KERNEL32.DLL (00007FFDE0D90000), size: 819200 (result: 0), SymType: '-deferred-', PDB: '', fileVersion: 10.0.26100.2415
C:\WINDOWS\System32\KERNELBASE.dll:KERNELBASE.dll (00007FFDDFA60000), size: 3874816 (result: 0), SymType: '-deferred-', PDB: '', fileVersion: 10.0.26100.2415
C:\WINDOWS\System32\USER32.dll:USER32.dll (00007FFDE12E0000), size: 1867776 (result: 0), SymType: '-deferred-', PDB: '', fileVersion: 10.0.26100.2415
C:\WINDOWS\System32\win32u.dll:win32u.dll (00007FFDDF720000), size: 159744 (result: 0), SymType: '-deferred-', PDB: '', fileVersion: 10.0.26100.1930
C:\WINDOWS\System32\GDI32.dll:GDI32.dll (00007FFDE1F30000), size: 172032 (result: 0), SymType: '-deferred-', PDB: '', fileVersion: 10.0.26100.2122
C:\WINDOWS\System32\gdi32full.dll:gdi32full.dll (00007FFDDF8A0000), size: 1224704 (result: 0), SymType: '-deferred-', PDB: '', fileVersion: 10.0.26100.2415
C:\WINDOWS\System32\msvcp_win.dll:msvcp_win.dll (00007FFDDF450000), size: 667648 (result: 0), SymType: '-deferred-', PDB: '', fileVersion: 10.0.26100.1930
C:\WINDOWS\System32\ucrtbase.dll:ucrtbase.dll (00007FFDDF750000), size: 1355776 (result: 0), SymType: '-deferred-', PDB: '', fileVersion: 10.0.26100.1591
C:\WINDOWS\System32\IMM32.DLL:IMM32.DLL (00007FFDE14B0000), size: 192512 (result: 0), SymType: '-deferred-', PDB: '', fileVersion: 10.0.26100.1150
D:\Unity\6000.0.37f1\Editor\Unity.dll:Unity.dll (00007FFD38200000), size: 87080960 (result: 0), SymType: '-deferred-', PDB: '', fileVersion: 6000.0.37.2935
C:\WINDOWS\System32\CRYPT32.dll:CRYPT32.dll (00007FFDDF500000), size: 1531904 (result: 0), SymType: '-deferred-', PDB: '', fileVersion: 10.0.26100.2222
C:\WINDOWS\System32\ADVAPI32.dll:ADVAPI32.dll (00007FFDE1220000), size: 733184 (result: 0), SymType: '-deferred-', PDB: '', fileVersion: 10.0.26100.2122
D:\Unity\6000.0.37f1\Editor\libfbxsdk.dll:libfbxsdk.dll (00007FFD64570000), size: 8019968 (result: 0), SymType: '-deferred-', PDB: '', fileVersion: 2020.3.7.0
C:\WINDOWS\System32\msvcrt.dll:msvcrt.dll (00007FFDE1570000), size: 692224 (result: 0), SymType: '-deferred-', PDB: '', fileVersion: 7.0.26100.1150
D:\Unity\6000.0.37f1\Editor\s3tcompress.dll:s3tcompress.dll (00007FFDC9680000), size: 180224 (result: 0), SymType: '-deferred-', PDB: ''
D:\Unity\6000.0.37f1\Editor\etccompress.dll:etccompress.dll (00007FFD5C2D0000), size: 5070848 (result: 0), SymType: '-deferred-', PDB: ''
C:\WINDOWS\System32\sechost.dll:sechost.dll (00007FFDE1E20000), size: 679936 (result: 0), SymType: '-deferred-', PDB: '', fileVersion: 10.0.26100.2222
D:\Unity\6000.0.37f1\Editor\FreeImage.dll:FreeImage.dll (0000000180000000), size: 5783552 (result: 0), SymType: '-deferred-', PDB: '', fileVersion: 3.18.0.0
C:\WINDOWS\System32\WS2_32.dll:WS2_32.dll (00007FFDE1DA0000), size: 475136 (result: 0), SymType: '-deferred-', PDB: '', fileVersion: 10.0.26100.1930
C:\WINDOWS\System32\RPCRT4.dll:RPCRT4.dll (00007FFDE1C80000), size: 1138688 (result: 0), SymType: '-deferred-', PDB: '', fileVersion: 10.0.26100.1150
C:\WINDOWS\System32\ole32.dll:ole32.dll (00007FFDE1080000), size: 1675264 (result: 0), SymType: '-deferred-', PDB: '', fileVersion: 10.0.26100.1930
C:\WINDOWS\System32\combase.dll:combase.dll (00007FFDE0910000), size: 3661824 (result: 0), SymType: '-deferred-', PDB: '', fileVersion: 10.0.26100.2415
D:\Unity\6000.0.37f1\Editor\WinPixEventRuntime.dll:WinPixEventRuntime.dll (00007FFDD7D30000), size: 53248 (result: 0), SymType: '-deferred-', PDB: '', fileVersion: 1.0.2201.24001
C:\WINDOWS\System32\SETUPAPI.dll:SETUPAPI.dll (00007FFDE17F0000), size: 4743168 (result: 0), SymType: '-deferred-', PDB: '', fileVersion: 10.0.26100.2415
C:\WINDOWS\System32\SHELL32.dll:SHELL32.dll (00007FFDDFEE0000), size: 7344128 (result: 0), SymType: '-deferred-', PDB: '', fileVersion: 10.0.26100.2415
D:\Unity\6000.0.37f1\Editor\ispc_texcomp.dll:ispc_texcomp.dll (00007FFD93B40000), size: 1826816 (result: 0), SymType: '-deferred-', PDB: ''
C:\WINDOWS\System32\SHLWAPI.dll:SHLWAPI.dll (00007FFDE0D30000), size: 380928 (result: 0), SymType: '-deferred-', PDB: '', fileVersion: 10.0.26100.2222
D:\Unity\6000.0.37f1\Editor\umbraoptimizer64.dll:umbraoptimizer64.dll (00007FFD80D20000), size: 1187840 (result: 0), SymType: '-deferred-', PDB: ''
C:\WINDOWS\System32\OLEAUT32.dll:OLEAUT32.dll (00007FFDE0830000), size: 876544 (result: 0), SymType: '-deferred-', PDB: '', fileVersion: 10.0.26100.1930
C:\WINDOWS\System32\WINTRUST.dll:WINTRUST.dll (00007FFDDF9D0000), size: 520192 (result: 0), SymType: '-deferred-', PDB: '', fileVersion: 10.0.26100.2415
C:\WINDOWS\SYSTEM32\VCRUNTIME140.dll:VCRUNTIME140.dll (00007FFDCF8E0000), size: 122880 (result: 0), SymType: '-deferred-', PDB: '', fileVersion: 14.42.34433.0
C:\WINDOWS\SYSTEM32\VCRUNTIME140_1.dll:VCRUNTIME140_1.dll (00007FFDCF8B0000), size: 49152 (result: 0), SymType: '-deferred-', PDB: '', fileVersion: 14.42.34433.0
C:\WINDOWS\SYSTEM32\bcrypt.dll:bcrypt.dll (00007FFDDEBC0000), size: 155648 (result: 0), SymType: '-deferred-', PDB: '', fileVersion: 10.0.26100.1930
C:\WINDOWS\SYSTEM32\MSVCP140.dll:MSVCP140.dll (00007FFDCF970000), size: 577536 (result: 0), SymType: '-deferred-', PDB: '', fileVersion: 14.42.34433.0
C:\WINDOWS\SYSTEM32\d3d11.dll:d3d11.dll (00007FFDDC5B0000), size: 2478080 (result: 0), SymType: '-deferred-', PDB: '', fileVersion: 10.0.26100.2222
C:\WINDOWS\SYSTEM32\d3d12.dll:d3d12.dll (00007FFDC7D20000), size: 143360 (result: 0), SymType: '-deferred-', PDB: '', fileVersion: 10.0.26100.2222
C:\WINDOWS\SYSTEM32\dwmapi.dll:dwmapi.dll (00007FFDDB440000), size: 188416 (result: 0), SymType: '-deferred-', PDB: '', fileVersion: 10.0.26100.2222
C:\WINDOWS\SYSTEM32\dxgi.dll:dxgi.dll (00007FFDDC480000), size: 1224704 (result: 0), SymType: '-deferred-', PDB: '', fileVersion: 10.0.26100.2415
C:\WINDOWS\SYSTEM32\HID.DLL:HID.DLL (00007FFDDD090000), size: 61440 (result: 0), SymType: '-deferred-', PDB: '', fileVersion: 10.0.26100.1150
C:\WINDOWS\SYSTEM32\IPHLPAPI.DLL:IPHLPAPI.DLL (00007FFDDD380000), size: 204800 (result: 0), SymType: '-deferred-', PDB: '', fileVersion: 10.0.26100.2415
C:\WINDOWS\SYSTEM32\OPENGL32.dll:OPENGL32.dll (00007FFDC14C0000), size: 1097728 (result: 0), SymType: '-deferred-', PDB: '', fileVersion: 10.0.26100.1150
D:\Unity\6000.0.37f1\Editor\compress_bc7e.dll:compress_bc7e.dll (00007FFD80E50000), size: 1433600 (result: 0), SymType: '-deferred-', PDB: ''
C:\WINDOWS\SYSTEM32\WINHTTP.dll:WINHTTP.dll (00007FFDD6530000), size: 1204224 (result: 0), SymType: '-deferred-', PDB: '', fileVersion: 10.0.26100.2415
C:\WINDOWS\SYSTEM32\WINMM.dll:WINMM.dll (00007FFDC8630000), size: 221184 (result: 0), SymType: '-deferred-', PDB: '', fileVersion: 10.0.26100.2222
C:\WINDOWS\SYSTEM32\GLU32.dll:GLU32.dll (00007FFDD1AE0000), size: 184320 (result: 0), SymType: '-deferred-', PDB: '', fileVersion: 10.0.26100.1150
D:\Unity\6000.0.37f1\Editor\SketchUpAPI.dll:SketchUpAPI.dll (00007FFD5BA30000), size: 8990720 (result: 0), SymType: '-deferred-', PDB: '', fileVersion: 23.0.0.0
D:\Unity\6000.0.37f1\Editor\NativeProxyHelper.dll:NativeProxyHelper.dll (00007FFD7F520000), size: 1789952 (result: 0), SymType: '-deferred-', PDB: ''
C:\WINDOWS\SYSTEM32\VERSION.dll:VERSION.dll (00007FFDD71C0000), size: 45056 (result: 0), SymType: '-deferred-', PDB: '', fileVersion: 10.0.26100.1150
C:\WINDOWS\SYSTEM32\WSOCK32.dll:WSOCK32.dll (00007FFDD7C30000), size: 40960 (result: 0), SymType: '-deferred-', PDB: '', fileVersion: 10.0.26100.1
D:\Unity\6000.0.37f1\Editor\SketchUpCommonPreferences.dll:SketchUpCommonPreferences.dll (00007FFDC78E0000), size: 499712 (result: 0), SymType: '-deferred-', PDB: '', fileVersion: 23.0.0.0
C:\WINDOWS\SYSTEM32\Secur32.dll:Secur32.dll (00007FFDD9480000), size: 53248 (result: 0), SymType: '-deferred-', PDB: '', fileVersion: 10.0.26100.1
C:\WINDOWS\SYSTEM32\dxcore.dll:dxcore.dll (00007FFDDB810000), size: 290816 (result: 0), SymType: '-deferred-', PDB: '', fileVersion: 10.0.26100.2222
C:\WINDOWS\SYSTEM32\SSPICLI.DLL:SSPICLI.DLL (00007FFDDDB80000), size: 294912 (result: 0), SymType: '-deferred-', PDB: '', fileVersion: 10.0.26100.2222
D:\Unity\6000.0.37f1\Editor\OpenRL.dll:OpenRL.dll (000001F95AC80000), size: 12779520 (result: 0), SymType: '-deferred-', PDB: '', fileVersion: 1.5.0.2907
C:\WINDOWS\SYSTEM32\MSVCP100.dll:MSVCP100.dll (0000000052690000), size: 622592 (result: 0), SymType: '-deferred-', PDB: '', fileVersion: 10.0.40219.325
D:\Unity\6000.0.37f1\Editor\embree.dll:embree.dll (00007FFD51270000), size: 16711680 (result: 0), SymType: '-deferred-', PDB: '', fileVersion: 2.14.0.0
C:\WINDOWS\SYSTEM32\MSVCR100.dll:MSVCR100.dll (00000000525B0000), size: 860160 (result: 0), SymType: '-deferred-', PDB: '', fileVersion: 10.0.40219.325
C:\WINDOWS\SYSTEM32\cfgmgr32.DLL:cfgmgr32.DLL (00007FFDDF0E0000), size: 389120 (result: 0), SymType: '-deferred-', PDB: '', fileVersion: 10.0.26100.2415
D:\Unity\6000.0.37f1\Editor\tbb.dll:tbb.dll (00007FFD9DD50000), size: 303104 (result: 0), SymType: '-deferred-', PDB: '', fileVersion: 2020.3.2022.1111
C:\WINDOWS\SYSTEM32\MSWSOCK.DLL:MSWSOCK.DLL (00007FFDDDDC0000), size: 425984 (result: 0), SymType: '-deferred-', PDB: '', fileVersion: 10.0.26100.1150
D:\Unity\6000.0.37f1\Editor\OpenRL_pthread.dll:OpenRL_pthread.dll (000001F95AC30000), size: 61440 (result: 0), SymType: '-deferred-', PDB: '', fileVersion: 2.9.0.0
C:\WINDOWS\SYSTEM32\directxdatabasehelper.dll:directxdatabasehelper.dll (00007FFDDC410000), size: 376832 (result: 0), SymType: '-deferred-', PDB: '', fileVersion: 10.0.26100.2415
C:\WINDOWS\SYSTEM32\kernel.appcore.dll:kernel.appcore.dll (00007FFDDD920000), size: 106496 (result: 0), SymType: '-deferred-', PDB: '', fileVersion: 10.0.26100.1591
C:\WINDOWS\System32\bcryptPrimitives.dll:bcryptPrimitives.dll (00007FFDDF680000), size: 626688 (result: 0), SymType: '-deferred-', PDB: '', fileVersion: 10.0.26100.2122
C:\WINDOWS\SYSTEM32\MSASN1.dll:MSASN1.dll (00007FFDDE2E0000), size: 77824 (result: 0), SymType: '-deferred-', PDB: '', fileVersion: 10.0.26100.1150
C:\WINDOWS\system32\uxtheme.dll:uxtheme.dll (00007FFDDB320000), size: 708608 (result: 0), SymType: '-deferred-', PDB: '', fileVersion: 10.0.26100.2415
C:\ProgramData\A-Volute\A-Volute.Nahimic\Modules\Scheduled\x64\AudioDevProps2.dll:AudioDevProps2.dll (00007FFD94730000), size: 1257472 (result: 0), SymType: '-deferred-', PDB: '', fileVersion: 2.6.28.0
C:\WINDOWS\SYSTEM32\windows.storage.dll:windows.storage.dll (00007FFDDC850000), size: 8593408 (result: 0), SymType: '-deferred-', PDB: '', fileVersion: 10.0.26100.2415
C:\WINDOWS\System32\SHCORE.dll:SHCORE.dll (00007FFDE1F60000), size: 892928 (result: 0), SymType: '-deferred-', PDB: '', fileVersion: 10.0.26100.2415
C:\WINDOWS\SYSTEM32\profapi.dll:profapi.dll (00007FFDDF360000), size: 188416 (result: 0), SymType: '-deferred-', PDB: '', fileVersion: 10.0.26100.2415
C:\WINDOWS\system32\IconCodecService.dll:IconCodecService.dll (00007FFDCF7D0000), size: 45056 (result: 0), SymType: '-deferred-', PDB: '', fileVersion: 10.0.26100.1
C:\WINDOWS\SYSTEM32\WindowsCodecs.dll:WindowsCodecs.dll (00007FFDDB060000), size: 2285568 (result: 0), SymType: '-deferred-', PDB: '', fileVersion: 10.0.26100.2415
C:\WINDOWS\System32\clbcatq.dll:clbcatq.dll (00007FFDE1620000), size: 688128 (result: 0), SymType: '-deferred-', PDB: '', fileVersion: 2001.12.10941.16384
C:\WINDOWS\System32\netprofm.dll:netprofm.dll (00007FFDD9560000), size: 413696 (result: 0), SymType: '-deferred-', PDB: '', fileVersion: 10.0.26100.2222
C:\WINDOWS\System32\npmproxy.dll:npmproxy.dll (00007FFDD5750000), size: 102400 (result: 0), SymType: '-deferred-', PDB: '', fileVersion: 10.0.26100.1150
C:\WINDOWS\System32\NSI.dll:NSI.dll (00007FFDE17C0000), size: 40960 (result: 0), SymType: '-deferred-', PDB: '', fileVersion: 10.0.26100.1
C:\WINDOWS\SYSTEM32\dhcpcsvc6.DLL:dhcpcsvc6.DLL (00007FFDD6270000), size: 122880 (result: 0), SymType: '-deferred-', PDB: '', fileVersion: 10.0.26100.2415
C:\WINDOWS\SYSTEM32\dhcpcsvc.DLL:dhcpcsvc.DLL (00007FFDD6240000), size: 151552 (result: 0), SymType: '-deferred-', PDB: '', fileVersion: 10.0.26100.2415
C:\WINDOWS\SYSTEM32\DNSAPI.dll:DNSAPI.dll (00007FFDDD470000), size: 1200128 (result: 0), SymType: '-deferred-', PDB: '', fileVersion: 10.0.26100.2415
C:\WINDOWS\system32\napinsp.dll:napinsp.dll (00007FFDA7640000), size: 98304 (result: 0), SymType: '-deferred-', PDB: '', fileVersion: 10.0.26100.1150
C:\WINDOWS\System32\winrnr.dll:winrnr.dll (00007FFDA6C70000), size: 73728 (result: 0), SymType: '-deferred-', PDB: '', fileVersion: 10.0.26100.1150
C:\WINDOWS\system32\nlansp_c.dll:nlansp_c.dll (00007FFDA6C40000), size: 139264 (result: 0), SymType: '-deferred-', PDB: '', fileVersion: 10.0.26100.1150
C:\WINDOWS\system32\wshbth.dll:wshbth.dll (00007FFDD6510000), size: 90112 (result: 0), SymType: '-deferred-', PDB: '', fileVersion: 10.0.26100.1150
C:\WINDOWS\System32\fwpuclnt.dll:fwpuclnt.dll (00007FFDD5990000), size: 544768 (result: 0), SymType: '-deferred-', PDB: '', fileVersion: 10.0.26100.2415
C:\Windows\System32\rasadhlp.dll:rasadhlp.dll (00007FFDD48D0000), size: 45056 (result: 0), SymType: '-deferred-', PDB: '', fileVersion: 10.0.26100.1150
D:\Unity\6000.0.37f1\Editor\AMDUnityPlugin.DLL:AMDUnityPlugin.DLL (00007FFD5B1C0000), size: 8814592 (result: 0), SymType: '-deferred-', PDB: ''
D:\Unity\6000.0.37f1\Editor\NVUnityPlugin.DLL:NVUnityPlugin.DLL (00007FFD7C9F0000), size: 1609728 (result: 0), SymType: '-deferred-', PDB: ''
D:\Unity\6000.0.37f1\Editor\Data\Tools\astcenc-avx2.dll:astcenc-avx2.dll (00007FFD9AEC0000), size: 364544 (result: 0), SymType: '-deferred-', PDB: ''
C:\WINDOWS\System32\MMDevApi.dll:MMDevApi.dll (00007FFDD6940000), size: 589824 (result: 0), SymType: '-deferred-', PDB: '', fileVersion: 10.0.26100.1
C:\WINDOWS\System32\DEVOBJ.dll:DEVOBJ.dll (00007FFDDF0B0000), size: 184320 (result: 0), SymType: '-deferred-', PDB: '', fileVersion: 10.0.26100.1150
C:\WINDOWS\SYSTEM32\AudioSes.dll:AudioSes.dll (00007FFDCDC60000), size: 1798144 (result: 0), SymType: '-deferred-', PDB: '', fileVersion: 10.0.26100.2415
C:\ProgramData\A-Volute\A-Volute.Nahimic\Modules\Scheduled\x64\ProductInfo.dll:ProductInfo.dll (00007FFD98990000), size: 421888 (result: 0), SymType: '-deferred-', PDB: '', fileVersion: 1.10.4.0
C:\ProgramData\A-Volute\A-Volute.Nahimic\Modules\Scheduled\x64\ASM.Plugin.AudioDevProps2.dll:ASM.Plugin.AudioDevProps2.dll (00007FFDB1850000), size: 274432 (result: 0), SymType: '-deferred-', PDB: '', fileVersion: 1.0.1.0
C:\WINDOWS\System32\DriverStore\FileRepository\nvhqi.inf_amd64_17d4c726820dfed6\nvldumdx.dll:nvldumdx.dll (00007FFD7C8E0000), size: 1073152 (result: 0), SymType: '-deferred-', PDB: '', fileVersion: 30.0.14.9729
C:\WINDOWS\SYSTEM32\cryptnet.dll:cryptnet.dll (00007FFDD5CF0000), size: 241664 (result: 0), SymType: '-deferred-', PDB: '', fileVersion: 10.0.26100.2222
C:\WINDOWS\SYSTEM32\drvstore.dll:drvstore.dll (00007FFDDE370000), size: 1540096 (result: 0), SymType: '-deferred-', PDB: '', fileVersion: 10.0.26100.2415
C:\WINDOWS\SYSTEM32\wldp.dll:wldp.dll (00007FFDDE050000), size: 380928 (result: 0), SymType: '-deferred-', PDB: '', fileVersion: 10.0.26100.2222
C:\WINDOWS\SYSTEM32\cryptbase.dll:cryptbase.dll (00007FFDDE200000), size: 49152 (result: 0), SymType: '-deferred-', PDB: '', fileVersion: 10.0.26100.1
C:\WINDOWS\System32\imagehlp.dll:imagehlp.dll (00007FFDE1050000), size: 131072 (result: 0), SymType: '-deferred-', PDB: '', fileVersion: 10.0.26100.1150
C:\WINDOWS\SYSTEM32\CRYPTSP.dll:CRYPTSP.dll (00007FFDDF090000), size: 114688 (result: 0), SymType: '-deferred-', PDB: '', fileVersion: 10.0.26100.2213
C:\WINDOWS\system32\rsaenh.dll:rsaenh.dll (00007FFDDE230000), size: 229376 (result: 0), SymType: '-deferred-', PDB: '', fileVersion: 10.0.26100.1301
C:\WINDOWS\System32\DriverStore\FileRepository\nvhqi.inf_amd64_17d4c726820dfed6\nvwgf2umx.dll:nvwgf2umx.dll (00007FFD3F5C0000), size: 43167744 (result: 0), SymType: '-deferred-', PDB: '', fileVersion: 30.0.14.9729
C:\WINDOWS\system32\nvspcap64.dll:nvspcap64.dll (00007FFD7D2F0000), size: 2899968 (result: 0), SymType: '-deferred-', PDB: '', fileVersion: 3.20.2.34
C:\WINDOWS\SYSTEM32\ntmarta.dll:ntmarta.dll (00007FFDDEC80000), size: 217088 (result: 0), SymType: '-deferred-', PDB: '', fileVersion: 10.0.26100.1150
C:\WINDOWS\system32\wbem\wbemprox.dll:wbemprox.dll (00007FFDCBBE0000), size: 73728 (result: 0), SymType: '-deferred-', PDB: '', fileVersion: 10.0.26100.1000
C:\WINDOWS\SYSTEM32\wbemcomn.dll:wbemcomn.dll (00007FFDC9920000), size: 499712 (result: 0), SymType: '-deferred-', PDB: '', fileVersion: 10.0.26100.1150
C:\WINDOWS\system32\wbem\wbemsvc.dll:wbemsvc.dll (00007FFDC8960000), size: 86016 (result: 0), SymType: '-deferred-', PDB: '', fileVersion: 10.0.26100.1000
C:\WINDOWS\system32\wbem\fastprox.dll:fastprox.dll (00007FFDC8B10000), size: 983040 (result: 0), SymType: '-deferred-', PDB: '', fileVersion: 10.0.26100.2222
C:\WINDOWS\SYSTEM32\amsi.dll:amsi.dll (00007FFDB7070000), size: 118784 (result: 0), SymType: '-deferred-', PDB: '', fileVersion: 10.0.26100.1150
C:\WINDOWS\SYSTEM32\USERENV.dll:USERENV.dll (00007FFDDDE30000), size: 176128 (result: 0), SymType: '-deferred-', PDB: '', fileVersion: 10.0.26100.2130
C:\ProgramData\Microsoft\Windows Defender\Platform\4.18.25020.1008-0\MpOav.dll:MpOav.dll (00007FFDD1B10000), size: 524288 (result: 0), SymType: '-deferred-', PDB: '', fileVersion: 4.18.25020.1008
C:\WINDOWS\SYSTEM32\opencl.dll:opencl.dll (00007FFDD5670000), size: 98304 (result: 0), SymType: '-deferred-', PDB: '', fileVersion: 3.0.6.0
D:\Unity\6000.0.37f1\Editor\radeonrays.dll:radeonrays.dll (00007FFD98250000), size: 344064 (result: 0), SymType: '-deferred-', PDB: ''
D:\Unity\6000.0.37f1\Editor\Data\MonoBleedingEdge\EmbedRuntime\mono-2.0-bdwgc.dll:mono-2.0-bdwgc.dll (00007FFD53120000), size: 10756096 (result: 0), SymType: '-deferred-', PDB: ''
C:\WINDOWS\SYSTEM32\PROPSYS.dll:PROPSYS.dll (00007FFDDA4F0000), size: 999424 (result: 0), SymType: '-deferred-', PDB: '', fileVersion: 7.0.26100.2213
C:\WINDOWS\SYSTEM32\apphelp.dll:apphelp.dll (00007FFDD9490000), size: 638976 (result: 0), SymType: '-deferred-', PDB: '', fileVersion: 10.0.26100.2415
C:\WINDOWS\SYSTEM32\dui70.dll:dui70.dll (00007FFDA8C80000), size: 1720320 (result: 0), SymType: '-deferred-', PDB: '', fileVersion: 10.0.26100.1930
C:\WINDOWS\SYSTEM32\edputil.dll:edputil.dll (00007FFDA8EA0000), size: 163840 (result: 0), SymType: '-deferred-', PDB: '', fileVersion: 10.0.26100.1150
C:\Windows\System32\Windows.StateRepositoryPS.dll:Windows.StateRepositoryPS.dll (00007FFDD05C0000), size: 802816 (result: 0), SymType: '-deferred-', PDB: '', fileVersion: 10.0.26100.1591
C:\WINDOWS\SYSTEM32\urlmon.dll:urlmon.dll (00007FFDCAF10000), size: 1933312 (result: 0), SymType: '-deferred-', PDB: '', fileVersion: 11.0.26100.1742
C:\WINDOWS\SYSTEM32\iertutil.dll:iertutil.dll (00007FFDCB8B0000), size: 2916352 (result: 0), SymType: '-deferred-', PDB: '', fileVersion: 11.0.26100.2415
C:\WINDOWS\SYSTEM32\netutils.dll:netutils.dll (00007FFDDD340000), size: 53248 (result: 0), SymType: '-deferred-', PDB: '', fileVersion: 10.0.26100.1
C:\WINDOWS\SYSTEM32\srvcli.dll:srvcli.dll (00007FFDCBC50000), size: 167936 (result: 0), SymType: '-deferred-', PDB: '', fileVersion: 10.0.26100.1150
C:\WINDOWS\SYSTEM32\virtdisk.dll:virtdisk.dll (00007FFDCBC90000), size: 94208 (result: 0), SymType: '-deferred-', PDB: '', fileVersion: 10.0.26100.1591
C:\Windows\System32\wintypes.dll:wintypes.dll (00007FFDD9CC0000), size: 1474560 (result: 0), SymType: '-deferred-', PDB: '', fileVersion: 10.0.26100.1591
C:\WINDOWS\SYSTEM32\dbghelp.dll:dbghelp.dll (00007FFDDED20000), size: 2363392 (result: 0), SymType: '-deferred-', PDB: '', fileVersion: 10.0.26100.2415

========== OUTPUTTING STACK TRACE ==================

0x00007FFDDFB2837A (KERNELBASE) RaiseException
0x00007FFD39D9E155 (Unity) EditorMonoConsole::LogToConsoleImplementation
0x00007FFD39D9EE1A (Unity) EditorMonoConsole::LogToConsoleImplementation
0x00007FFD3AA4FF7D (Unity) DebugStringToFilePostprocessedStacktrace
0x00007FFD3AA4F318 (Unity) DebugStringToFile
0x00007FFD3A35531C (Unity) RegisterAssemblyDefinition
0x00007FFD3A783CF6 (Unity) ProcessAssemblyAssets
0x00007FFD3A784A06 (Unity) UpdateScriptCompilationPipelineCaches
0x00007FFD3A69B594 (Unity) AssetImportWorkerClient::RegisterTransientArtifacts
0x00007FFD3A69B81A (Unity) AssetImportWorkerClient::ReloadScriptingDomain
0x00007FFD3A67521C (Unity) <lambda_94302c41bc55323db1fed16712a08587>::operator()
0x00007FFD3A7590DE (Unity) asio::detail::completion_handler<core::mutable_function<void __cdecl(void)>,asio::io_context::basic_executor_type<std::allocator<void>,0> >::do_complete
0x00007FFD3A74696A (Unity) asio::detail::win_iocp_io_context::do_one
0x00007FFD3A747CD4 (Unity) asio::detail::win_iocp_io_context::run
0x00007FFD3A7576FC (Unity) IOService::Run
0x00007FFD3A69F896 (Unity) RunAssetImportWorkerClientV2
0x00007FFD3A69F95B (Unity) RunAssetImporterV2
0x00007FFD39EA9988 (Unity) Application::InitializeProject
0x00007FFD3A4B0BA5 (Unity) UnityMain
0x00007FF6B42D2FBA (Unity) __scrt_common_main_seh
0x00007FFDE0DBE8D7 (KERNEL32) BaseThreadInitThunk
0x00007FFDE215FBCC (ntdll) RtlUserThreadStart

========== END OF STACKTRACE ===========

A crash has been intercepted by the crash handler. For call stack and other details, see the latest crash report generated in:
 * C:/Users/Hubert/AppData/Local/Temp/Unity/Editor/Crashes
